build/app/intermediates/manifest_merge_blame_file/debug/manifest-merger-blame-debug-report.txt
1<?xml version="1.0" encoding="utf-8"?>
2<manifest xmlns:android="http://schemas.android.com/apk/res/android"
3    package="com.example.untitled"
4    android:versionCode="1"
5    android:versionName="1.0.0" >
6
7    <uses-sdk
8        android:minSdkVersion="23"
9        android:targetSdkVersion="31" />
10    <!--
11         Flutter needs it to communicate with the running application
12         to allow setting breakpoints, to provide hot reload, etc.
13    -->
14    <uses-permission android:name="android.permission.INTERNET" />
14-->src\main\AndroidManifest.xml:5:5-66
14-->src\main\AndroidManifest.xml:5:22-64
15
16    <!-- Recommended so that CleverTap knows when to attempt a network call -->
17    <uses-permission android:name="android.permission.ACCESS_NETWORK_STATE" />
17-->src\main\AndroidManifest.xml:7:5-78
17-->src\main\AndroidManifest.xml:7:22-76
18    <uses-permission android:name="android.permission.ACCESS_WIFI_STATE" />
18-->src\main\AndroidManifest.xml:8:5-75
18-->src\main\AndroidManifest.xml:8:22-73
19    <uses-permission android:name="com.google.android.gms.permission.AD_ID" />
19-->src\main\AndroidManifest.xml:9:5-78
19-->src\main\AndroidManifest.xml:9:22-76
20    <uses-permission android:name="android.permission.WAKE_LOCK" /> <!-- Required by older versions of Google Play services to create IID tokens -->
20-->[:firebase_messaging] AndroidManifest.xml:8:5-68
20-->[:firebase_messaging] AndroidManifest.xml:8:22-65
21    <uses-permission android:name="com.google.android.c2dm.permission.RECEIVE" />
21-->[com.google.firebase:firebase-messaging:23.0.0] AndroidManifest.xml:25:5-82
21-->[com.google.firebase:firebase-messaging:23.0.0] AndroidManifest.xml:25:22-79
22    <uses-permission android:name="com.google.android.finsky.permission.BIND_GET_INSTALL_REFERRER_SERVICE" />
22-->[com.android.installreferrer:installreferrer:2.2] AndroidManifest.xml:9:5-110
22-->[com.android.installreferrer:installreferrer:2.2] AndroidManifest.xml:9:22-107
23
24    <application
24-->src\main\AndroidManifest.xml:10:5-79:19
25        android:name="com.clevertap.android.sdk.Application"
25-->src\main\AndroidManifest.xml:12:9-61
26        android:appComponentFactory="androidx.core.app.CoreComponentFactory"
26-->[androidx.core:core:1.6.0] AndroidManifest.xml:24:18-86
27        android:debuggable="true"
28        android:extractNativeLibs="false"
29        android:icon="@mipmap/ic_launcher"
29-->src\main\AndroidManifest.xml:13:9-43
30        android:label="untitled"
30-->src\main\AndroidManifest.xml:11:9-33
31        android:usesCleartextTraffic="true" >
31-->src\main\AndroidManifest.xml:14:9-44
32        <activity
32-->src\main\AndroidManifest.xml:16:9-43:20
33            android:name="com.example.untitled.MainActivity"
33-->src\main\AndroidManifest.xml:17:13-41
34            android:configChanges="orientation|keyboardHidden|keyboard|screenSize|smallestScreenSize|locale|layoutDirection|fontScale|screenLayout|density|uiMode"
34-->src\main\AndroidManifest.xml:21:13-163
35            android:exported="true"
35-->src\main\AndroidManifest.xml:18:13-36
36            android:hardwareAccelerated="true"
36-->src\main\AndroidManifest.xml:22:13-47
37            android:launchMode="singleTop"
37-->src\main\AndroidManifest.xml:19:13-43
38            android:theme="@style/LaunchTheme"
38-->src\main\AndroidManifest.xml:20:13-47
39            android:windowSoftInputMode="adjustResize" >
39-->src\main\AndroidManifest.xml:23:13-55
40            <meta-data
40-->src\main\AndroidManifest.xml:24:13-26:55
41                android:name="io.flutter.embedding.android.NormalTheme"
41-->src\main\AndroidManifest.xml:25:15-70
42                android:resource="@style/NormalTheme" />
42-->src\main\AndroidManifest.xml:26:15-52
43
44            <intent-filter>
44-->src\main\AndroidManifest.xml:27:13-30:29
45                <action android:name="android.intent.action.MAIN" />
45-->src\main\AndroidManifest.xml:28:17-68
45-->src\main\AndroidManifest.xml:28:25-66
46
47                <category android:name="android.intent.category.LAUNCHER" />
47-->src\main\AndroidManifest.xml:29:17-76
47-->src\main\AndroidManifest.xml:29:27-74
48            </intent-filter>
49            <intent-filter>
49-->src\main\AndroidManifest.xml:31:13-42:29
50                <action android:name="android.intent.action.VIEW" />
50-->src\main\AndroidManifest.xml:32:17-69
50-->src\main\AndroidManifest.xml:32:25-66
51                <!-- on below line we are adding a default category to our intent -->
52                <category android:name="android.intent.category.DEFAULT" />
52-->src\main\AndroidManifest.xml:34:17-76
52-->src\main\AndroidManifest.xml:34:27-73
53                <!-- on below line we are adding a category to make our app browsable -->
54                <category android:name="android.intent.category.BROWSABLE" />
54-->src\main\AndroidManifest.xml:36:17-78
54-->src\main\AndroidManifest.xml:36:27-75
55                <!--
56                    on below line we are specifying the host name and
57                    the scheme type from which we will be calling our app
58                -->
59                <data
59-->src\main\AndroidManifest.xml:39:17-41:48
60                    android:host="www.abc.com"
60-->src\main\AndroidManifest.xml:40:21-47
61                    android:scheme="testapp" />
61-->src\main\AndroidManifest.xml:41:21-45
62            </intent-filter>
63        </activity>
64        <!--
65             Don't delete the meta-data below.
66             This is used by the Flutter tool to generate GeneratedPluginRegistrant.java
67        -->
68        <meta-data
68-->src\main\AndroidManifest.xml:46:9-48:33
69            android:name="flutterEmbedding"
69-->src\main\AndroidManifest.xml:47:13-44
70            android:value="2" />
70-->src\main\AndroidManifest.xml:48:13-30
71        <!-- <meta-data -->
72        <!-- android:name="CLEVERTAP_ACCOUNT_ID" -->
73        <!-- android:value="65R-654-5Z6Z"/> -->
74        <!-- <meta-data -->
75        <!-- android:name="CLEVERTAP_TOKEN" -->
76        <!-- android:value="456-256"/> -->
77        <meta-data
77-->src\main\AndroidManifest.xml:55:9-57:48
78            android:name="CLEVERTAP_ACCOUNT_ID"
78-->src\main\AndroidManifest.xml:56:13-48
79            android:value="TEST-468-W87-546Z" />
79-->src\main\AndroidManifest.xml:57:13-46
80        <meta-data
80-->src\main\AndroidManifest.xml:58:9-60:43
81            android:name="CLEVERTAP_TOKEN"
81-->src\main\AndroidManifest.xml:59:13-43
82            android:value="TEST-ab0-b64" />
82-->src\main\AndroidManifest.xml:60:13-41
83        <!-- <meta-data -->
84        <!-- android:name="CLEVERTAP_USE_GOOGLE_AD_ID" -->
85        <!-- android:value="1"/> -->
86        <receiver
86-->src\main\AndroidManifest.xml:64:9-71:20
87            android:name="com.adjust.sdk.AdjustReferrerReceiver"
87-->src\main\AndroidManifest.xml:65:13-65
88            android:exported="true"
88-->src\main\AndroidManifest.xml:67:13-36
89            android:permission="android.permission.INSTALL_PACKAGES" >
89-->src\main\AndroidManifest.xml:66:13-69
90            <intent-filter>
90-->src\main\AndroidManifest.xml:68:13-70:29
91                <action android:name="com.android.vending.INSTALL_REFERRER" />
91-->src\main\AndroidManifest.xml:69:17-79
91-->src\main\AndroidManifest.xml:69:25-76
92            </intent-filter>
93        </receiver>
94
95        <service
95-->src\main\AndroidManifest.xml:72:9-78:19
96            android:name="com.clevertap.android.sdk.pushnotification.fcm.FcmMessageListenerService"
96-->src\main\AndroidManifest.xml:73:13-100
97            android:exported="true" >
97-->src\main\AndroidManifest.xml:74:13-36
98            <intent-filter>
98-->src\main\AndroidManifest.xml:75:13-77:29
99                <action android:name="com.google.firebase.MESSAGING_EVENT" />
99-->src\main\AndroidManifest.xml:76:17-77
99-->src\main\AndroidManifest.xml:76:25-75
100            </intent-filter>
101        </service>
102        <service
102-->[:firebase_messaging] AndroidManifest.xml:12:9-15:72
103            android:name="io.flutter.plugins.firebase.messaging.FlutterFirebaseMessagingBackgroundService"
103-->[:firebase_messaging] AndroidManifest.xml:13:13-107
104            android:exported="false"
104-->[:firebase_messaging] AndroidManifest.xml:14:13-37
105            android:permission="android.permission.BIND_JOB_SERVICE" />
105-->[:firebase_messaging] AndroidManifest.xml:15:13-69
106        <service
106-->[:firebase_messaging] AndroidManifest.xml:16:9-22:19
107            android:name="io.flutter.plugins.firebase.messaging.FlutterFirebaseMessagingService"
107-->[:firebase_messaging] AndroidManifest.xml:17:13-97
108            android:exported="false" >
108-->[:firebase_messaging] AndroidManifest.xml:18:13-37
109            <intent-filter>
109-->src\main\AndroidManifest.xml:75:13-77:29
110                <action android:name="com.google.firebase.MESSAGING_EVENT" />
110-->src\main\AndroidManifest.xml:76:17-77
110-->src\main\AndroidManifest.xml:76:25-75
111            </intent-filter>
112        </service>
113
114        <receiver
114-->[:firebase_messaging] AndroidManifest.xml:24:9-31:20
115            android:name="io.flutter.plugins.firebase.messaging.FlutterFirebaseMessagingReceiver"
115-->[:firebase_messaging] AndroidManifest.xml:25:13-98
116            android:exported="true"
116-->[:firebase_messaging] AndroidManifest.xml:26:13-36
117            android:permission="com.google.android.c2dm.permission.SEND" >
117-->[:firebase_messaging] AndroidManifest.xml:27:13-73
118            <intent-filter>
118-->[:firebase_messaging] AndroidManifest.xml:28:13-30:29
119                <action android:name="com.google.android.c2dm.intent.RECEIVE" />
119-->[:firebase_messaging] AndroidManifest.xml:29:17-81
119-->[:firebase_messaging] AndroidManifest.xml:29:25-78
120            </intent-filter>
121        </receiver>
122
123        <service
123-->[:firebase_messaging] AndroidManifest.xml:33:9-37:19
124            android:name="com.google.firebase.components.ComponentDiscoveryService"
124-->[:firebase_messaging] AndroidManifest.xml:33:18-89
125            android:directBootAware="true"
125-->[com.google.firebase:firebase-common:20.0.0] AndroidManifest.xml:35:13-43
126            android:exported="false" >
126-->[com.google.firebase:firebase-messaging:23.0.0] AndroidManifest.xml:51:13-37
127            <meta-data
127-->[:firebase_messaging] AndroidManifest.xml:34:13-36:85
128                android:name="com.google.firebase.components:io.flutter.plugins.firebase.messaging.FlutterFirebaseAppRegistrar"
128-->[:firebase_messaging] AndroidManifest.xml:35:17-128
129                android:value="com.google.firebase.components.ComponentRegistrar" />
129-->[:firebase_messaging] AndroidManifest.xml:36:17-82
130            <meta-data
130-->[:firebase_core] AndroidManifest.xml:9:13-11:85
131                android:name="com.google.firebase.components:io.flutter.plugins.firebase.core.FlutterFirebaseCoreRegistrar"
131-->[:firebase_core] AndroidManifest.xml:10:17-124
132                android:value="com.google.firebase.components.ComponentRegistrar" />
132-->[:firebase_core] AndroidManifest.xml:11:17-82
133            <meta-data
133-->[com.google.firebase:firebase-messaging:23.0.0] AndroidManifest.xml:52:13-54:85
134                android:name="com.google.firebase.components:com.google.firebase.messaging.FirebaseMessagingRegistrar"
134-->[com.google.firebase:firebase-messaging:23.0.0] AndroidManifest.xml:53:17-119
135                android:value="com.google.firebase.components.ComponentRegistrar" />
135-->[com.google.firebase:firebase-messaging:23.0.0] AndroidManifest.xml:54:17-82
136            <meta-data
136-->[com.google.android.gms:play-services-measurement-api:20.0.2] AndroidManifest.xml:30:13-32:85
137                android:name="com.google.firebase.components:com.google.firebase.analytics.connector.internal.AnalyticsConnectorRegistrar"
137-->[com.google.android.gms:play-services-measurement-api:20.0.2] AndroidManifest.xml:31:17-139
138                android:value="com.google.firebase.components.ComponentRegistrar" />
138-->[com.google.android.gms:play-services-measurement-api:20.0.2] AndroidManifest.xml:32:17-82
139            <meta-data
139-->[com.google.firebase:firebase-datatransport:18.0.0] AndroidManifest.xml:28:13-30:85
140                android:name="com.google.firebase.components:com.google.firebase.datatransport.TransportRegistrar"
140-->[com.google.firebase:firebase-datatransport:18.0.0] AndroidManifest.xml:29:17-115
141                android:value="com.google.firebase.components.ComponentRegistrar" />
141-->[com.google.firebase:firebase-datatransport:18.0.0] AndroidManifest.xml:30:17-82
142            <meta-data
142-->[com.google.firebase:firebase-installations:17.0.0] AndroidManifest.xml:18:13-20:85
143                android:name="com.google.firebase.components:com.google.firebase.installations.FirebaseInstallationsRegistrar"
143-->[com.google.firebase:firebase-installations:17.0.0] AndroidManifest.xml:19:17-127
144                android:value="com.google.firebase.components.ComponentRegistrar" />
144-->[com.google.firebase:firebase-installations:17.0.0] AndroidManifest.xml:20:17-82
145        </service>
146
147        <provider
147-->[:firebase_messaging] AndroidManifest.xml:39:9-43:38
148            android:name="io.flutter.plugins.firebase.messaging.FlutterFirebaseMessagingInitProvider"
148-->[:firebase_messaging] AndroidManifest.xml:40:13-102
149            android:authorities="com.example.untitled.flutterfirebasemessaginginitprovider"
149-->[:firebase_messaging] AndroidManifest.xml:41:13-88
150            android:exported="false"
150-->[:firebase_messaging] AndroidManifest.xml:42:13-37
151            android:initOrder="99" />
151-->[:firebase_messaging] AndroidManifest.xml:43:13-35
152
153        <activity
153-->[com.clevertap.android:clevertap-android-sdk:4.4.0] AndroidManifest.xml:10:9-13:75
154            android:name="com.clevertap.android.sdk.InAppNotificationActivity"
154-->[com.clevertap.android:clevertap-android-sdk:4.4.0] AndroidManifest.xml:11:13-79
155            android:configChanges="keyboardHidden"
155-->[com.clevertap.android:clevertap-android-sdk:4.4.0] AndroidManifest.xml:12:13-51
156            android:theme="@android:style/Theme.Translucent.NoTitleBar" />
156-->[com.clevertap.android:clevertap-android-sdk:4.4.0] AndroidManifest.xml:13:13-72
157        <activity
157-->[com.clevertap.android:clevertap-android-sdk:4.4.0] AndroidManifest.xml:14:9-17:77
158            android:name="com.clevertap.android.sdk.inbox.CTInboxActivity"
158-->[com.clevertap.android:clevertap-android-sdk:4.4.0] AndroidManifest.xml:15:13-75
159            android:configChanges="keyboardHidden"
159-->[com.clevertap.android:clevertap-android-sdk:4.4.0] AndroidManifest.xml:16:13-51
160            android:theme="@style/Theme.AppCompat.DayNight.DarkActionBar" />
160-->[com.clevertap.android:clevertap-android-sdk:4.4.0] AndroidManifest.xml:17:13-74
161
162        <receiver
162-->[com.clevertap.android:clevertap-android-sdk:4.4.0] AndroidManifest.xml:19:9-22:40
163            android:name="com.clevertap.android.sdk.pushnotification.CTPushNotificationReceiver"
163-->[com.clevertap.android:clevertap-android-sdk:4.4.0] AndroidManifest.xml:20:13-97
164            android:enabled="true"
164-->[com.clevertap.android:clevertap-android-sdk:4.4.0] AndroidManifest.xml:21:13-35
165            android:exported="false" />
165-->[com.clevertap.android:clevertap-android-sdk:4.4.0] AndroidManifest.xml:22:13-37
166
167        <service
167-->[com.clevertap.android:clevertap-android-sdk:4.4.0] AndroidManifest.xml:24:9-31:19
168            android:name="com.clevertap.android.sdk.pushnotification.amp.CTBackgroundIntentService"
168-->[com.clevertap.android:clevertap-android-sdk:4.4.0] AndroidManifest.xml:25:13-100
169            android:exported="false"
169-->[com.clevertap.android:clevertap-android-sdk:4.4.0] AndroidManifest.xml:26:13-37
170            android:permission="android.permission.BIND_JOB_SERVICE" >
170-->[com.clevertap.android:clevertap-android-sdk:4.4.0] AndroidManifest.xml:27:13-69
171            <intent-filter>
171-->[com.clevertap.android:clevertap-android-sdk:4.4.0] AndroidManifest.xml:28:13-30:29
172                <action android:name="com.clevertap.BG_EVENT" />
172-->[com.clevertap.android:clevertap-android-sdk:4.4.0] AndroidManifest.xml:29:17-65
172-->[com.clevertap.android:clevertap-android-sdk:4.4.0] AndroidManifest.xml:29:25-62
173            </intent-filter>
174        </service>
175        <service
175-->[com.clevertap.android:clevertap-android-sdk:4.4.0] AndroidManifest.xml:32:9-35:72
176            android:name="com.clevertap.android.sdk.pushnotification.amp.CTBackgroundJobService"
176-->[com.clevertap.android:clevertap-android-sdk:4.4.0] AndroidManifest.xml:33:13-97
177            android:exported="false"
177-->[com.clevertap.android:clevertap-android-sdk:4.4.0] AndroidManifest.xml:34:13-37
178            android:permission="android.permission.BIND_JOB_SERVICE" />
178-->[com.clevertap.android:clevertap-android-sdk:4.4.0] AndroidManifest.xml:35:13-69
179
180        <receiver
180-->[com.google.firebase:firebase-messaging:23.0.0] AndroidManifest.xml:28:9-35:20
181            android:name="com.google.firebase.iid.FirebaseInstanceIdReceiver"
181-->[com.google.firebase:firebase-messaging:23.0.0] AndroidManifest.xml:29:13-78
182            android:exported="true"
182-->[com.google.firebase:firebase-messaging:23.0.0] AndroidManifest.xml:30:13-36
183            android:permission="com.google.android.c2dm.permission.SEND" >
183-->[com.google.firebase:firebase-messaging:23.0.0] AndroidManifest.xml:31:13-73
184            <intent-filter>
184-->[:firebase_messaging] AndroidManifest.xml:28:13-30:29
185                <action android:name="com.google.android.c2dm.intent.RECEIVE" />
185-->[:firebase_messaging] AndroidManifest.xml:29:17-81
185-->[:firebase_messaging] AndroidManifest.xml:29:25-78
186            </intent-filter>
187        </receiver>
188        <!--
189             FirebaseMessagingService performs security checks at runtime,
190             but set to not exported to explicitly avoid allowing another app to call it.
191        -->
192        <service
192-->[com.google.firebase:firebase-messaging:23.0.0] AndroidManifest.xml:41:9-48:19
193            android:name="com.google.firebase.messaging.FirebaseMessagingService"
193-->[com.google.firebase:firebase-messaging:23.0.0] AndroidManifest.xml:42:13-82
194            android:directBootAware="true"
194-->[com.google.firebase:firebase-messaging:23.0.0] AndroidManifest.xml:43:13-43
195            android:exported="false" >
195-->[com.google.firebase:firebase-messaging:23.0.0] AndroidManifest.xml:44:13-37
196            <intent-filter android:priority="-500" >
196-->src\main\AndroidManifest.xml:75:13-77:29
197                <action android:name="com.google.firebase.MESSAGING_EVENT" />
197-->src\main\AndroidManifest.xml:76:17-77
197-->src\main\AndroidManifest.xml:76:25-75
198            </intent-filter>
199        </service>
200
201        <receiver
201-->[com.google.android.gms:play-services-measurement:20.0.2] AndroidManifest.xml:29:9-33:20
202            android:name="com.google.android.gms.measurement.AppMeasurementReceiver"
202-->[com.google.android.gms:play-services-measurement:20.0.2] AndroidManifest.xml:30:13-85
203            android:enabled="true"
203-->[com.google.android.gms:play-services-measurement:20.0.2] AndroidManifest.xml:31:13-35
204            android:exported="false" >
204-->[com.google.android.gms:play-services-measurement:20.0.2] AndroidManifest.xml:32:13-37
205        </receiver>
206
207        <service
207-->[com.google.android.gms:play-services-measurement:20.0.2] AndroidManifest.xml:35:9-38:40
208            android:name="com.google.android.gms.measurement.AppMeasurementService"
208-->[com.google.android.gms:play-services-measurement:20.0.2] AndroidManifest.xml:36:13-84
209            android:enabled="true"
209-->[com.google.android.gms:play-services-measurement:20.0.2] AndroidManifest.xml:37:13-35
210            android:exported="false" />
210-->[com.google.android.gms:play-services-measurement:20.0.2] AndroidManifest.xml:38:13-37
211        <service
211-->[com.google.android.gms:play-services-measurement:20.0.2] AndroidManifest.xml:39:9-43:72
212            android:name="com.google.android.gms.measurement.AppMeasurementJobService"
212-->[com.google.android.gms:play-services-measurement:20.0.2] AndroidManifest.xml:40:13-87
213            android:enabled="true"
213-->[com.google.android.gms:play-services-measurement:20.0.2] AndroidManifest.xml:41:13-35
214            android:exported="false"
214-->[com.google.android.gms:play-services-measurement:20.0.2] AndroidManifest.xml:42:13-37
215            android:permission="android.permission.BIND_JOB_SERVICE" />
215-->[com.google.android.gms:play-services-measurement:20.0.2] AndroidManifest.xml:43:13-69
216        <service
216-->[com.google.android.datatransport:transport-backend-cct:3.0.0] AndroidManifest.xml:29:9-35:19
217            android:name="com.google.android.datatransport.runtime.backends.TransportBackendDiscovery"
217-->[com.google.android.datatransport:transport-backend-cct:3.0.0] AndroidManifest.xml:30:13-103
218            android:exported="false" >
218-->[com.google.android.datatransport:transport-backend-cct:3.0.0] AndroidManifest.xml:31:13-37
219            <meta-data
219-->[com.google.android.datatransport:transport-backend-cct:3.0.0] AndroidManifest.xml:32:13-34:39
220                android:name="backend:com.google.android.datatransport.cct.CctBackendFactory"
220-->[com.google.android.datatransport:transport-backend-cct:3.0.0] AndroidManifest.xml:33:17-94
221                android:value="cct" />
221-->[com.google.android.datatransport:transport-backend-cct:3.0.0] AndroidManifest.xml:34:17-36
222        </service>
223
224        <provider
224-->[com.google.firebase:firebase-common:20.0.0] AndroidManifest.xml:26:9-31:39
225            android:name="com.google.firebase.provider.FirebaseInitProvider"
225-->[com.google.firebase:firebase-common:20.0.0] AndroidManifest.xml:27:13-77
226            android:authorities="com.example.untitled.firebaseinitprovider"
226-->[com.google.firebase:firebase-common:20.0.0] AndroidManifest.xml:28:13-72
227            android:directBootAware="true"
227-->[com.google.firebase:firebase-common:20.0.0] AndroidManifest.xml:29:13-43
228            android:exported="false"
228-->[com.google.firebase:firebase-common:20.0.0] AndroidManifest.xml:30:13-37
229            android:initOrder="100" />
229-->[com.google.firebase:firebase-common:20.0.0] AndroidManifest.xml:31:13-36
230
231        <meta-data
231-->[com.google.android.gms:play-services-basement:18.0.0] AndroidManifest.xml:21:9-23:69
232            android:name="com.google.android.gms.version"
232-->[com.google.android.gms:play-services-basement:18.0.0] AndroidManifest.xml:22:13-58
233            android:value="@integer/google_play_services_version" />
233-->[com.google.android.gms:play-services-basement:18.0.0] AndroidManifest.xml:23:13-66
234
235        <service
235-->[com.google.android.datatransport:transport-runtime:3.0.0] AndroidManifest.xml:26:9-30:19
236            android:name="com.google.android.datatransport.runtime.scheduling.jobscheduling.JobInfoSchedulerService"
236-->[com.google.android.datatransport:transport-runtime:3.0.0] AndroidManifest.xml:27:13-117
237            android:exported="false"
237-->[com.google.android.datatransport:transport-runtime:3.0.0] AndroidManifest.xml:28:13-37
238            android:permission="android.permission.BIND_JOB_SERVICE" >
238-->[com.google.android.datatransport:transport-runtime:3.0.0] AndroidManifest.xml:29:13-69
239        </service>
240
241        <receiver
241-->[com.google.android.datatransport:transport-runtime:3.0.0] AndroidManifest.xml:32:9-34:40
242            android:name="com.google.android.datatransport.runtime.scheduling.jobscheduling.AlarmManagerSchedulerBroadcastReceiver"
242-->[com.google.android.datatransport:transport-runtime:3.0.0] AndroidManifest.xml:33:13-132
243            android:exported="false" />
243-->[com.google.android.datatransport:transport-runtime:3.0.0] AndroidManifest.xml:34:13-37
244    </application>
245
246</manifest>